c:\users\mnd\desktop\visuals fivem base\visual9999\x64\release\vc143.pdb
c:\users\mnd\desktop\visuals fivem base\visual9999\x64\release\main.obj
c:\users\mnd\desktop\visuals fivem base\visual9999\x64\release\visual.obj
c:\users\mnd\desktop\visuals fivem base\visual9999\x64\release\imgui_widgets.obj
c:\users\mnd\desktop\visuals fivem base\visual9999\x64\release\imgui_impl_win32.obj
c:\users\mnd\desktop\visuals fivem base\visual9999\x64\release\imgui_impl_dx11.obj
c:\users\mnd\desktop\visuals fivem base\visual9999\x64\release\imgui_draw.obj
c:\users\mnd\desktop\visuals fivem base\visual9999\x64\release\imgui_demo.obj
c:\users\mnd\desktop\visuals fivem base\visual9999\x64\release\imgui.obj
c:\users\mnd\desktop\visuals fivem base\visual9999\x64\release\trampoline.obj
c:\users\mnd\desktop\visuals fivem base\visual9999\x64\release\hook.obj
c:\users\mnd\desktop\visuals fivem base\visual9999\x64\release\hde64.obj
c:\users\mnd\desktop\visuals fivem base\visual9999\x64\release\hde32.obj
c:\users\mnd\desktop\visuals fivem base\visual9999\x64\release\buffer.obj
c:\users\mnd\desktop\visuals fivem base\visual9999\x64\release\visual.ipdb
c:\users\mnd\desktop\visuals fivem base\visual9999\x64\release\visual.iobj
c:\users\mnd\desktop\visuals fivem base\visual9999\x64\release\visual.dll
c:\users\mnd\desktop\visuals fivem base\visual9999\x64\release\visual.pdb
c:\users\mnd\desktop\visuals fivem base\visual9999\x64\release\minhook.res
c:\users\mnd\desktop\visuals fivem base\visual9999\x64\release\visual.tlog\cl.command.1.tlog
c:\users\mnd\desktop\visuals fivem base\visual9999\x64\release\visual.tlog\cl.read.1.tlog
c:\users\mnd\desktop\visuals fivem base\visual9999\x64\release\visual.tlog\cl.write.1.tlog
c:\users\mnd\desktop\visuals fivem base\visual9999\x64\release\visual.tlog\link.command.1.tlog
c:\users\mnd\desktop\visuals fivem base\visual9999\x64\release\visual.tlog\link.read.1.tlog
c:\users\mnd\desktop\visuals fivem base\visual9999\x64\release\visual.tlog\link.write.1.tlog
c:\users\mnd\desktop\visuals fivem base\visual9999\x64\release\visual.tlog\link.write.2u.tlog
c:\users\mnd\desktop\visuals fivem base\visual9999\x64\release\visual.tlog\rc.command.1.tlog
c:\users\mnd\desktop\visuals fivem base\visual9999\x64\release\visual.tlog\rc.read.1.tlog
c:\users\mnd\desktop\visuals fivem base\visual9999\x64\release\visual.tlog\rc.write.1.tlog
